2025-12-28 20:14:55,902 INFO o.a.j.u.JMeterUtils: Setting Locale to en_EN
2025-12-28 20:14:55,915 INFO o.a.j.JMeter: Loading user properties from: C:\Users\LEGION\Downloads\apache-jmeter-5.6.3\apache-jmeter-5.6.3\bin\user.properties
2025-12-28 20:14:55,915 INFO o.a.j.JMeter: Loading system properties from: C:\Users\LEGION\Downloads\apache-jmeter-5.6.3\apache-jmeter-5.6.3\bin\system.properties
2025-12-28 20:14:55,919 INFO o.a.j.JMeter: Copyright (c) 1998-2024 The Apache Software Foundation
2025-12-28 20:14:55,919 INFO o.a.j.JMeter: Version 5.6.3
2025-12-28 20:14:55,919 INFO o.a.j.JMeter: java.version=21.0.2
2025-12-28 20:14:55,919 INFO o.a.j.JMeter: java.vm.name=Java HotSpot(TM) 64-Bit Server VM
2025-12-28 20:14:55,919 INFO o.a.j.JMeter: os.name=Windows 11
2025-12-28 20:14:55,920 INFO o.a.j.JMeter: os.arch=amd64
2025-12-28 20:14:55,920 INFO o.a.j.JMeter: os.version=10.0
2025-12-28 20:14:55,920 INFO o.a.j.JMeter: file.encoding=UTF-8
2025-12-28 20:14:55,920 INFO o.a.j.JMeter: java.awt.headless=true
2025-12-28 20:14:55,920 INFO o.a.j.JMeter: Max memory     =1073741824
2025-12-28 20:14:55,920 INFO o.a.j.JMeter: Available Processors =16
2025-12-28 20:14:55,928 INFO o.a.j.JMeter: Default Locale=English (EN)
2025-12-28 20:14:55,928 INFO o.a.j.JMeter: JMeter  Locale=English (EN)
2025-12-28 20:14:55,928 INFO o.a.j.JMeter: JMeterHome=C:\Users\LEGION\Downloads\apache-jmeter-5.6.3\apache-jmeter-5.6.3
2025-12-28 20:14:55,928 INFO o.a.j.JMeter: user.dir  =D:\Faculty of Engineering, Alexandria University\Term\Database\project\smart-dispatch\simulation\jmeter
2025-12-28 20:14:55,929 INFO o.a.j.JMeter: PWD       =D:\Faculty of Engineering, Alexandria University\Term\Database\project\smart-dispatch\simulation\jmeter
2025-12-28 20:14:55,930 INFO o.a.j.JMeter: IP: 192.168.1.23 Name: DESKTOP-TKBJJKJ FullName: DESKTOP-TKBJJKJ
2025-12-28 20:14:55,942 INFO o.a.j.JMeter: Setting property 'jmeter.reportgenerator.outputdir' to:'D:\Faculty of Engineering, Alexandria University\Term\Database\project\smart-dispatch\simulation\jmeter\Reports\report_20251228_201455'
2025-12-28 20:14:55,944 INFO o.a.j.s.FileServer: Default base='D:\Faculty of Engineering, Alexandria University\Term\Database\project\smart-dispatch\simulation\jmeter'
2025-12-28 20:14:55,946 INFO o.a.j.s.FileServer: Set new base='D:\Faculty of Engineering, Alexandria University\Term\Database\project\smart-dispatch\simulation\jmeter'
2025-12-28 20:14:56,103 INFO o.a.j.s.SaveService: Testplan (JMX) version: 2.2. Testlog (JTL) version: 2.2
2025-12-28 20:14:56,131 INFO o.a.j.s.SaveService: Using SaveService properties version 5.0
2025-12-28 20:14:56,134 INFO o.a.j.s.SaveService: Using SaveService properties file encoding UTF-8
2025-12-28 20:14:56,137 INFO o.a.j.s.SaveService: Loading file: IncidentGeneration.jmx
2025-12-28 20:14:56,186 INFO o.a.j.p.h.s.HTTPSamplerBase: Parser for text/html is org.apache.jmeter.protocol.http.parser.LagartoBasedHtmlParser
2025-12-28 20:14:56,187 INFO o.a.j.p.h.s.HTTPSamplerBase: Parser for application/xhtml+xml is org.apache.jmeter.protocol.http.parser.LagartoBasedHtmlParser
2025-12-28 20:14:56,187 INFO o.a.j.p.h.s.HTTPSamplerBase: Parser for application/xml is org.apache.jmeter.protocol.http.parser.LagartoBasedHtmlParser
2025-12-28 20:14:56,187 INFO o.a.j.p.h.s.HTTPSamplerBase: Parser for text/xml is org.apache.jmeter.protocol.http.parser.LagartoBasedHtmlParser
2025-12-28 20:14:56,187 INFO o.a.j.p.h.s.HTTPSamplerBase: Parser for text/vnd.wap.wml is org.apache.jmeter.protocol.http.parser.RegexpHTMLParser
2025-12-28 20:14:56,187 INFO o.a.j.p.h.s.HTTPSamplerBase: Parser for text/css is org.apache.jmeter.protocol.http.parser.CssParser
2025-12-28 20:14:56,232 INFO o.a.j.JMeter: Creating summariser <summary>
2025-12-28 20:14:56,236 INFO o.a.j.r.d.ReportGenerator: ReportGenerator will use for Parsing the separator: ','
2025-12-28 20:14:56,236 INFO o.a.j.r.d.ReportGenerator: Will generate report at end of test from  results file: logs\results.jtl
2025-12-28 20:14:56,236 INFO o.a.j.r.d.ReportGenerator: Reading report generator properties from: C:\Users\LEGION\Downloads\apache-jmeter-5.6.3\apache-jmeter-5.6.3\bin\reportgenerator.properties
2025-12-28 20:14:56,237 INFO o.a.j.r.d.ReportGenerator: Merging with JMeter properties
2025-12-28 20:14:56,240 INFO o.a.j.r.c.ReportGeneratorConfiguration: Property 'jmeter.reportgenerator.temp_dir' not found, using default value 'temp' instead.
2025-12-28 20:14:56,242 INFO o.a.j.r.c.ReportGeneratorConfiguration: Property 'jmeter.reportgenerator.apdex_per_transaction' not found, using default value 'null' instead.
2025-12-28 20:14:56,242 INFO o.a.j.r.c.ReportGeneratorConfiguration: apdex_per_transaction is empty, not APDEX per transaction customization
2025-12-28 20:14:56,242 INFO o.a.j.r.c.ReportGeneratorConfiguration: Property 'jmeter.reportgenerator.sample_filter' not found, using default value 'null' instead.
2025-12-28 20:14:56,242 INFO o.a.j.r.c.ReportGeneratorConfiguration: Property 'jmeter.reportgenerator.report_title' not found, using default value 'null' instead.
2025-12-28 20:14:56,242 INFO o.a.j.r.c.ReportGeneratorConfiguration: Property 'jmeter.reportgenerator.start_date' not found, using default value 'null' instead.
2025-12-28 20:14:56,242 INFO o.a.j.r.c.ReportGeneratorConfiguration: Property 'jmeter.reportgenerator.end_date' not found, using default value 'null' instead.
2025-12-28 20:14:56,242 INFO o.a.j.r.c.ReportGeneratorConfiguration: Property 'jmeter.reportgenerator.date_format' not found, using default value 'null' instead.
2025-12-28 20:14:56,243 INFO o.a.j.r.c.ReportGeneratorConfiguration: Will use date range start date: null, end date: null
2025-12-28 20:14:56,248 INFO o.a.j.r.c.ReportGeneratorConfiguration: Property 'jmeter.reportgenerator.graph.totalTPS.exclude_controllers' not found, using default value 'false' instead.
2025-12-28 20:14:56,248 INFO o.a.j.r.c.ReportGeneratorConfiguration: Property 'jmeter.reportgenerator.graph.activeThreadsOverTime.exclude_controllers' not found, using default value 'false' instead.
2025-12-28 20:14:56,248 INFO o.a.j.r.c.ReportGeneratorConfiguration: Property 'jmeter.reportgenerator.graph.timeVsThreads.exclude_controllers' not found, using default value 'false' instead.
2025-12-28 20:14:56,248 INFO o.a.j.r.c.ReportGeneratorConfiguration: Property 'jmeter.reportgenerator.graph.responseTimeDistribution.exclude_controllers' not found, using default value 'false' instead.
2025-12-28 20:14:56,248 INFO o.a.j.r.c.ReportGeneratorConfiguration: Property 'jmeter.reportgenerator.graph.transactionsPerSecond.exclude_controllers' not found, using default value 'false' instead.
2025-12-28 20:14:56,249 INFO o.a.j.r.c.ReportGeneratorConfiguration: Property 'jmeter.reportgenerator.graph.responseTimePercentiles.exclude_controllers' not found, using default value 'false' instead.
2025-12-28 20:14:56,249 INFO o.a.j.r.c.ReportGeneratorConfiguration: Property 'jmeter.reportgenerator.graph.responseTimePercentilesOverTime.exclude_controllers' not found, using default value 'false' instead.
2025-12-28 20:14:56,249 INFO o.a.j.r.c.ReportGeneratorConfiguration: Property 'jmeter.reportgenerator.graph.responseTimesOverTime.exclude_controllers' not found, using default value 'false' instead.
2025-12-28 20:14:56,249 INFO o.a.j.r.c.ReportGeneratorConfiguration: Property 'jmeter.reportgenerator.graph.connectTimeOverTime.exclude_controllers' not found, using default value 'false' instead.
2025-12-28 20:14:56,249 INFO o.a.j.r.c.ReportGeneratorConfiguration: Property 'jmeter.reportgenerator.graph.latenciesOverTime.exclude_controllers' not found, using default value 'false' instead.
2025-12-28 20:14:56,250 INFO o.a.j.r.c.ReportGeneratorConfiguration: Property 'jmeter.reportgenerator.exporter.json.filters_only_sample_series' not found, using default value 'true' instead.
2025-12-28 20:14:56,250 INFO o.a.j.r.c.ReportGeneratorConfiguration: Property 'jmeter.reportgenerator.exporter.json.series_filter' not found, using default value '' instead.
2025-12-28 20:14:56,250 INFO o.a.j.r.c.ReportGeneratorConfiguration: Property 'jmeter.reportgenerator.exporter.json.show_controllers_only' not found, using default value 'false' instead.
2025-12-28 20:14:56,251 INFO o.a.j.r.c.ReportGeneratorConfiguration: Property 'jmeter.reportgenerator.exporter.html.filters_only_sample_series' not found, using default value 'true' instead.
2025-12-28 20:14:56,251 INFO o.a.j.r.c.ReportGeneratorConfiguration: Property 'jmeter.reportgenerator.exporter.html.series_filter' not found, using default value '' instead.
2025-12-28 20:14:56,251 INFO o.a.j.r.c.ReportGeneratorConfiguration: Property 'jmeter.reportgenerator.exporter.html.show_controllers_only' not found, using default value 'false' instead.
2025-12-28 20:14:56,262 INFO o.a.j.e.StandardJMeterEngine: Running the test!
2025-12-28 20:14:56,263 INFO o.a.j.s.SampleEvent: List of sample_variables: []
2025-12-28 20:14:56,263 INFO o.a.j.s.SampleEvent: List of sample_variables: []
2025-12-28 20:14:56,267 INFO o.a.j.e.u.CompoundVariable: Note: Function class names must contain the string: '.functions.'
2025-12-28 20:14:56,267 INFO o.a.j.e.u.CompoundVariable: Note: Function class names must not contain the string: '.gui.'
2025-12-28 20:14:56,484 INFO o.a.j.JMeter: Running test (1766945696484)
2025-12-28 20:14:56,501 INFO o.a.j.e.StandardJMeterEngine: Starting ThreadGroup: 1 : IncidentGeneration
2025-12-28 20:14:56,501 INFO o.a.j.e.StandardJMeterEngine: Starting 20 threads for group IncidentGeneration.
2025-12-28 20:14:56,501 INFO o.a.j.e.StandardJMeterEngine: Thread will continue on error
2025-12-28 20:14:56,501 INFO o.a.j.t.ThreadGroup: Starting thread group... number=1 threads=20 ramp-up=10 delayedStart=false
2025-12-28 20:14:56,508 INFO o.a.j.t.JMeterThread: Thread started: IncidentGeneration 1-1
2025-12-28 20:14:56,511 INFO o.a.j.t.ThreadGroup: Started thread group number 1
2025-12-28 20:14:56,511 INFO o.a.j.e.StandardJMeterEngine: Starting ThreadGroup: 2 : Thread Group
2025-12-28 20:14:56,511 INFO o.a.j.e.StandardJMeterEngine: Starting 1 threads for group Thread Group.
2025-12-28 20:14:56,512 INFO o.a.j.e.StandardJMeterEngine: Thread will continue on error
2025-12-28 20:14:56,512 INFO o.a.j.t.ThreadGroup: Starting thread group... number=2 threads=1 ramp-up=1 delayedStart=false
2025-12-28 20:14:56,512 INFO o.a.j.t.ThreadGroup: Started thread group number 2
2025-12-28 20:14:56,512 INFO o.a.j.e.StandardJMeterEngine: All thread groups have been started
2025-12-28 20:14:56,512 INFO o.a.j.t.JMeterThread: Thread started: Thread Group 2-1
2025-12-28 20:14:56,513 INFO o.a.j.t.JMeterThread: Thread is done: Thread Group 2-1
2025-12-28 20:14:56,513 INFO o.a.j.t.JMeterThread: Thread finished: Thread Group 2-1
2025-12-28 20:14:57,006 INFO o.a.j.t.JMeterThread: Thread started: IncidentGeneration 1-2
2025-12-28 20:14:57,287 INFO o.a.j.p.h.s.HTTPHCAbstractImpl: Local host = DESKTOP-TKBJJKJ
2025-12-28 20:14:57,294 INFO o.a.j.p.h.s.HTTPHC4Impl: HTTP request retry count = 0
2025-12-28 20:14:57,295 INFO o.a.j.s.SampleResult: Note: Sample TimeStamps are START times
2025-12-28 20:14:57,295 INFO o.a.j.s.SampleResult: sampleresult.default.encoding is set to UTF-8
2025-12-28 20:14:57,296 INFO o.a.j.s.SampleResult: sampleresult.useNanoTime=true
2025-12-28 20:14:57,296 INFO o.a.j.s.SampleResult: sampleresult.nanoThreadSleep=5000
2025-12-28 20:14:57,461 INFO o.a.j.t.JMeterThread: Thread is done: IncidentGeneration 1-2
2025-12-28 20:14:57,461 INFO o.a.j.t.JMeterThread: Thread is done: IncidentGeneration 1-1
2025-12-28 20:14:57,461 INFO o.a.j.t.JMeterThread: Thread finished: IncidentGeneration 1-2
2025-12-28 20:14:57,461 INFO o.a.j.t.JMeterThread: Thread finished: IncidentGeneration 1-1
2025-12-28 20:14:57,506 INFO o.a.j.t.JMeterThread: Thread started: IncidentGeneration 1-3
2025-12-28 20:14:57,521 INFO o.a.j.t.JMeterThread: Thread is done: IncidentGeneration 1-3
2025-12-28 20:14:57,521 INFO o.a.j.t.JMeterThread: Thread finished: IncidentGeneration 1-3
2025-12-28 20:14:58,005 INFO o.a.j.t.JMeterThread: Thread started: IncidentGeneration 1-4
2025-12-28 20:14:58,022 INFO o.a.j.t.JMeterThread: Thread is done: IncidentGeneration 1-4
2025-12-28 20:14:58,022 INFO o.a.j.t.JMeterThread: Thread finished: IncidentGeneration 1-4
2025-12-28 20:14:58,505 INFO o.a.j.t.JMeterThread: Thread started: IncidentGeneration 1-5
2025-12-28 20:14:58,523 INFO o.a.j.t.JMeterThread: Thread is done: IncidentGeneration 1-5
2025-12-28 20:14:58,523 INFO o.a.j.t.JMeterThread: Thread finished: IncidentGeneration 1-5
2025-12-28 20:14:59,004 INFO o.a.j.t.JMeterThread: Thread started: IncidentGeneration 1-6
2025-12-28 20:14:59,023 INFO o.a.j.t.JMeterThread: Thread is done: IncidentGeneration 1-6
2025-12-28 20:14:59,023 INFO o.a.j.t.JMeterThread: Thread finished: IncidentGeneration 1-6
2025-12-28 20:14:59,502 INFO o.a.j.t.JMeterThread: Thread started: IncidentGeneration 1-7
2025-12-28 20:14:59,515 INFO o.a.j.t.JMeterThread: Thread is done: IncidentGeneration 1-7
2025-12-28 20:14:59,515 INFO o.a.j.t.JMeterThread: Thread finished: IncidentGeneration 1-7
2025-12-28 20:15:00,003 INFO o.a.j.t.JMeterThread: Thread started: IncidentGeneration 1-8
2025-12-28 20:15:00,031 INFO o.a.j.r.Summariser: summary +      8 in 00:00:04 =    2.3/s Avg:    34 Min:    11 Max:    91 Err:     0 (0.00%) Active: 1 Started: 9 Finished: 8
2025-12-28 20:15:00,031 INFO o.a.j.t.JMeterThread: Thread is done: IncidentGeneration 1-8
2025-12-28 20:15:00,031 INFO o.a.j.t.JMeterThread: Thread finished: IncidentGeneration 1-8
2025-12-28 20:15:00,504 INFO o.a.j.t.JMeterThread: Thread started: IncidentGeneration 1-9
2025-12-28 20:15:00,516 INFO o.a.j.t.JMeterThread: Thread is done: IncidentGeneration 1-9
2025-12-28 20:15:00,516 INFO o.a.j.t.JMeterThread: Thread finished: IncidentGeneration 1-9
2025-12-28 20:15:01,004 INFO o.a.j.t.JMeterThread: Thread started: IncidentGeneration 1-10
2025-12-28 20:15:01,018 INFO o.a.j.t.JMeterThread: Thread is done: IncidentGeneration 1-10
2025-12-28 20:15:01,018 INFO o.a.j.t.JMeterThread: Thread finished: IncidentGeneration 1-10
2025-12-28 20:15:01,504 INFO o.a.j.t.JMeterThread: Thread started: IncidentGeneration 1-11
2025-12-28 20:15:01,514 INFO o.a.j.t.JMeterThread: Thread is done: IncidentGeneration 1-11
2025-12-28 20:15:01,514 INFO o.a.j.t.JMeterThread: Thread finished: IncidentGeneration 1-11
2025-12-28 20:15:02,004 INFO o.a.j.t.JMeterThread: Thread started: IncidentGeneration 1-12
2025-12-28 20:15:02,019 INFO o.a.j.t.JMeterThread: Thread is done: IncidentGeneration 1-12
2025-12-28 20:15:02,019 INFO o.a.j.t.JMeterThread: Thread finished: IncidentGeneration 1-12
2025-12-28 20:15:02,503 INFO o.a.j.t.JMeterThread: Thread started: IncidentGeneration 1-13
2025-12-28 20:15:02,517 INFO o.a.j.t.JMeterThread: Thread is done: IncidentGeneration 1-13
2025-12-28 20:15:02,517 INFO o.a.j.t.JMeterThread: Thread finished: IncidentGeneration 1-13
2025-12-28 20:15:03,002 INFO o.a.j.t.JMeterThread: Thread started: IncidentGeneration 1-14
2025-12-28 20:15:03,014 INFO o.a.j.t.JMeterThread: Thread is done: IncidentGeneration 1-14
2025-12-28 20:15:03,014 INFO o.a.j.t.JMeterThread: Thread finished: IncidentGeneration 1-14
2025-12-28 20:15:03,502 INFO o.a.j.t.JMeterThread: Thread started: IncidentGeneration 1-15
2025-12-28 20:15:03,514 INFO o.a.j.t.JMeterThread: Thread is done: IncidentGeneration 1-15
2025-12-28 20:15:03,515 INFO o.a.j.t.JMeterThread: Thread finished: IncidentGeneration 1-15
2025-12-28 20:15:04,014 INFO o.a.j.t.JMeterThread: Thread started: IncidentGeneration 1-16
2025-12-28 20:15:04,024 INFO o.a.j.t.JMeterThread: Thread is done: IncidentGeneration 1-16
2025-12-28 20:15:04,024 INFO o.a.j.t.JMeterThread: Thread finished: IncidentGeneration 1-16
2025-12-28 20:15:04,503 INFO o.a.j.t.JMeterThread: Thread started: IncidentGeneration 1-17
2025-12-28 20:15:04,514 INFO o.a.j.t.JMeterThread: Thread is done: IncidentGeneration 1-17
2025-12-28 20:15:04,514 INFO o.a.j.t.JMeterThread: Thread finished: IncidentGeneration 1-17
2025-12-28 20:15:05,004 INFO o.a.j.t.JMeterThread: Thread started: IncidentGeneration 1-18
2025-12-28 20:15:05,015 INFO o.a.j.t.JMeterThread: Thread is done: IncidentGeneration 1-18
2025-12-28 20:15:05,015 INFO o.a.j.t.JMeterThread: Thread finished: IncidentGeneration 1-18
2025-12-28 20:15:05,504 INFO o.a.j.t.JMeterThread: Thread started: IncidentGeneration 1-19
2025-12-28 20:15:05,514 INFO o.a.j.t.JMeterThread: Thread is done: IncidentGeneration 1-19
2025-12-28 20:15:05,514 INFO o.a.j.t.JMeterThread: Thread finished: IncidentGeneration 1-19
2025-12-28 20:15:06,004 INFO o.a.j.t.JMeterThread: Thread started: IncidentGeneration 1-20
2025-12-28 20:15:06,015 INFO o.a.j.t.JMeterThread: Thread is done: IncidentGeneration 1-20
2025-12-28 20:15:06,015 INFO o.a.j.t.JMeterThread: Thread finished: IncidentGeneration 1-20
2025-12-28 20:15:06,015 INFO o.a.j.e.StandardJMeterEngine: Notifying test listeners of end of test
2025-12-28 20:15:06,018 INFO o.a.j.r.Summariser: summary +     12 in 00:00:06 =    2.0/s Avg:     9 Min:     8 Max:    12 Err:     0 (0.00%) Active: 0 Started: 21 Finished: 21
2025-12-28 20:15:06,018 INFO o.a.j.r.Summariser: summary =     20 in 00:00:10 =    2.1/s Avg:    19 Min:     8 Max:    91 Err:     0 (0.00%)
2025-12-28 20:15:06,018 INFO o.a.j.JMeter: Generating Dashboard
2025-12-28 20:15:06,018 INFO o.a.j.r.d.ReportGenerator: Flushing result collector before report Generation
2025-12-28 20:15:06,025 INFO o.a.j.r.p.NormalizerSampleConsumer: Using format, 'ms', to parse timeStamp field
2025-12-28 20:15:06,088 INFO o.a.j.r.p.AbstractSampleConsumer: class org.apache.jmeter.report.processor.AggregateConsumer#stopProducing(): beginDate produced 0 samples
2025-12-28 20:15:06,088 INFO o.a.j.r.p.AbstractSampleConsumer: class org.apache.jmeter.report.processor.AggregateConsumer#stopProducing(): endDate produced 0 samples
2025-12-28 20:15:06,089 INFO o.a.j.r.p.AbstractSampleConsumer: class org.apache.jmeter.report.processor.ApdexSummaryConsumer#stopProducing(): apdexSummary produced 0 samples
2025-12-28 20:15:06,089 INFO o.a.j.r.p.AbstractSampleConsumer: class org.apache.jmeter.report.processor.RequestsSummaryConsumer#stopProducing(): requestsSummary produced 0 samples
2025-12-28 20:15:06,092 INFO o.a.j.r.p.AbstractSampleConsumer: class org.apache.jmeter.report.processor.StatisticsSummaryConsumer#stopProducing(): statisticsSummary produced 0 samples
2025-12-28 20:15:06,093 INFO o.a.j.r.p.AbstractSampleConsumer: class org.apache.jmeter.report.processor.Top5ErrorsBySamplerConsumer#stopProducing(): top5ErrorsBySampler produced 0 samples
2025-12-28 20:15:06,093 INFO o.a.j.r.p.AbstractSampleConsumer: class org.apache.jmeter.report.processor.ErrorsSummaryConsumer#stopProducing(): errorsSummary produced 0 samples
2025-12-28 20:15:06,093 INFO o.a.j.r.p.AbstractSampleConsumer: class org.apache.jmeter.report.processor.graph.impl.HitsPerSecondGraphConsumer#stopProducing(): hitsPerSecond produced 0 samples
2025-12-28 20:15:06,101 INFO o.a.j.r.p.AbstractSampleConsumer: class org.apache.jmeter.report.processor.graph.impl.LatencyVSRequestGraphConsumer#stopProducing(): latencyVsRequest produced 0 samples
2025-12-28 20:15:06,102 INFO o.a.j.r.p.AbstractSampleConsumer: class org.apache.jmeter.report.processor.graph.impl.SyntheticResponseTimeDistributionGraphConsumer#stopProducing(): syntheticResponseTimeDistribution produced 0 samples
2025-12-28 20:15:06,102 INFO o.a.j.r.p.AbstractSampleConsumer: class org.apache.jmeter.report.processor.graph.impl.BytesThroughputGraphConsumer#stopProducing(): bytesThroughputOverTime produced 0 samples
2025-12-28 20:15:06,102 INFO o.a.j.r.p.AbstractSampleConsumer: class org.apache.jmeter.report.processor.graph.impl.CodesPerSecondGraphConsumer#stopProducing(): codesPerSecond produced 0 samples
2025-12-28 20:15:06,104 INFO o.a.j.r.p.AbstractSampleConsumer: class org.apache.jmeter.report.processor.graph.impl.ResponseTimeVSRequestGraphConsumer#stopProducing(): responseTimeVsRequest produced 0 samples
2025-12-28 20:15:06,104 INFO o.a.j.r.p.AbstractSampleConsumer: class org.apache.jmeter.report.processor.FilterConsumer#stopProducing(): startIntervalControlerFilter produced 140 samples
2025-12-28 20:15:06,104 INFO o.a.j.r.p.AbstractSampleConsumer: class org.apache.jmeter.report.processor.graph.impl.TotalTPSGraphConsumer#stopProducing(): totalTPS produced 0 samples
2025-12-28 20:15:06,104 INFO o.a.j.r.p.AbstractSampleConsumer: class org.apache.jmeter.report.processor.graph.impl.ActiveThreadsGraphConsumer#stopProducing(): activeThreadsOverTime produced 0 samples
2025-12-28 20:15:06,104 INFO o.a.j.r.p.AbstractSampleConsumer: class org.apache.jmeter.report.processor.graph.impl.TimeVSThreadGraphConsumer#stopProducing(): timeVsThreads produced 0 samples
2025-12-28 20:15:06,104 INFO o.a.j.r.p.AbstractSampleConsumer: class org.apache.jmeter.report.processor.graph.impl.ResponseTimeDistributionGraphConsumer#stopProducing(): responseTimeDistribution produced 0 samples
2025-12-28 20:15:06,105 INFO o.a.j.r.p.AbstractSampleConsumer: class org.apache.jmeter.report.processor.graph.impl.TransactionsPerSecondGraphConsumer#stopProducing(): transactionsPerSecond produced 0 samples
2025-12-28 20:15:06,105 INFO o.a.j.r.p.AbstractSampleConsumer: class org.apache.jmeter.report.processor.graph.impl.ResponseTimePercentilesGraphConsumer#stopProducing(): responseTimePercentiles produced 0 samples
2025-12-28 20:15:06,105 INFO o.a.j.r.p.AbstractSampleConsumer: class org.apache.jmeter.report.processor.graph.impl.ResponseTimePercentilesOverTimeGraphConsumer#stopProducing(): responseTimePercentilesOverTime produced 0 samples
2025-12-28 20:15:06,105 INFO o.a.j.r.p.AbstractSampleConsumer: class org.apache.jmeter.report.processor.graph.impl.ResponseTimeOverTimeGraphConsumer#stopProducing(): responseTimesOverTime produced 0 samples
2025-12-28 20:15:06,105 INFO o.a.j.r.p.AbstractSampleConsumer: class org.apache.jmeter.report.processor.graph.impl.ConnectTimeOverTimeGraphConsumer#stopProducing(): connectTimeOverTime produced 0 samples
2025-12-28 20:15:06,105 INFO o.a.j.r.p.AbstractSampleConsumer: class org.apache.jmeter.report.processor.graph.impl.LatencyOverTimeGraphConsumer#stopProducing(): latenciesOverTime produced 0 samples
2025-12-28 20:15:06,105 INFO o.a.j.r.p.AbstractSampleConsumer: class org.apache.jmeter.report.processor.FilterConsumer#stopProducing(): nameFilter produced 300 samples
2025-12-28 20:15:06,105 INFO o.a.j.r.p.AbstractSampleConsumer: class org.apache.jmeter.report.processor.FilterConsumer#stopProducing(): dateRangeFilter produced 60 samples
2025-12-28 20:15:06,105 INFO o.a.j.r.p.AbstractSampleConsumer: class org.apache.jmeter.report.processor.NormalizerSampleConsumer#stopProducing(): normalizer produced 20 samples
2025-12-28 20:15:06,106 INFO o.a.j.r.p.CsvFileSampleSource: produce(): 20 samples produced in 64ms on channel 0
2025-12-28 20:15:06,106 INFO o.a.j.r.d.ReportGenerator: Exporting data using exporter:'json' of className:'org.apache.jmeter.report.dashboard.JsonExporter'
2025-12-28 20:15:06,156 INFO o.a.j.r.d.JsonExporter: Found data for consumer statisticsSummary in context
2025-12-28 20:15:06,156 INFO o.a.j.r.d.JsonExporter: Creating statistics for overall
2025-12-28 20:15:06,156 INFO o.a.j.r.d.JsonExporter: Creating statistics for other transactions
2025-12-28 20:15:06,157 INFO o.a.j.r.d.JsonExporter: Checking output folder
2025-12-28 20:15:06,157 INFO o.a.j.r.d.JsonExporter: Writing statistics JSON to D:\Faculty of Engineering, Alexandria University\Term\Database\project\smart-dispatch\simulation\jmeter\Reports\report_20251228_201455\statistics.json
2025-12-28 20:15:06,186 INFO o.a.j.r.d.ReportGenerator: Exporting data using exporter:'html' of className:'org.apache.jmeter.report.dashboard.HtmlTemplateExporter'
2025-12-28 20:15:06,188 INFO o.a.j.r.d.HtmlTemplateExporter: Will generate dashboard in folder: D:\Faculty of Engineering, Alexandria University\Term\Database\project\smart-dispatch\simulation\jmeter\Reports\report_20251228_201455
2025-12-28 20:15:06,265 INFO o.a.j.r.d.HtmlTemplateExporter: Report will be generated in: D:\Faculty of Engineering, Alexandria University\Term\Database\project\smart-dispatch\simulation\jmeter\Reports\report_20251228_201455, creating folder structure
2025-12-28 20:15:06,267 INFO o.a.j.r.d.TemplateVisitor: Copying folder from 'C:\Users\LEGION\Downloads\apache-jmeter-5.6.3\apache-jmeter-5.6.3\bin\report-template' to 'D:\Faculty of Engineering, Alexandria University\Term\Database\project\smart-dispatch\simulation\jmeter\Reports\report_20251228_201455', got message: D:\Faculty of Engineering, Alexandria University\Term\Database\project\smart-dispatch\simulation\jmeter\Reports\report_20251228_201455, found non empty folder with following content [D:\Faculty of Engineering, Alexandria University\Term\Database\project\smart-dispatch\simulation\jmeter\Reports\report_20251228_201455\statistics.json], will be ignored
2025-12-28 20:15:06,495 INFO o.a.j.JMeter: Dashboard generated
